Arguments: 
  /home/chunyi.mo/.nvm/versions/node/v14.9.0/bin/node /usr/share/yarn/bin/yarn.js

PATH: 
  /home/chunyi.mo/.nvm/versions/node/v14.9.0/bin:/home/chunyi.mo/bin:/home/chunyi.mo/.local/bin:/usr/local/sbin:/usr/local/bin:/usr/sbin:/usr/bin:/usr/local/cuda/bin:/sbin:/bin:/usr/games:/usr/local/games:/snap/bin:/home/chunyi.mo/mcyworkstation/depot_tools:/home/chunyi.mo/mcyworkstation/depot_tools

Yarn version: 
  1.22.5

Node version: 
  14.9.0

Platform: 
  linux x64

Trace: 
  Error: http://it-artifactory-ext.yitu-inc.com/api/npm/npm-ext-local/chalk: not_found
      at Request.params.callback [as _callback] (/usr/share/yarn/lib/cli.js:66988:18)
      at Request.self.callback (/usr/share/yarn/lib/cli.js:140749:22)
      at Request.emit (events.js:314:20)
      at Request.<anonymous> (/usr/share/yarn/lib/cli.js:141721:10)
      at Request.emit (events.js:314:20)
      at IncomingMessage.<anonymous> (/usr/share/yarn/lib/cli.js:141643:12)
      at Object.onceWrapper (events.js:420:28)
      at IncomingMessage.emit (events.js:326:22)
      at endReadableNT (_stream_readable.js:1244:12)
      at processTicksAndRejections (internal/process/task_queues.js:80:21)

npm manifest: 
  {
    "name": "xiaomubiao",
    "version": "1.0.0",
    "description": "make money for my xiaomubiao",
    "main": "index.js",
    "scripts": {
      "start": "nodemon --watch src --exec \"ts-node\" ./src/app.ts"
    },
    "author": "",
    "license": "ISC",
    "devDependencies": {
      "@types/cors": "^2.8.10",
      "@types/express": "^4.17.11",
      "@types/mongodb": "^3.6.8",
      "@types/node": "^14.14.31",
      "nodemon": "^2.0.7",
      "ts-node": "^9.1.1",
      "typescript": "^4.2.2"
    },
    "dependencies": {
      "chalk": "^4.1.0",
      "cors": "^2.8.5",
      "dotenv": "^8.2.0",
      "express": "^4.17.1",
      "mongodb": "^3.6.4",
      "mongoose": "^5.11.19"
    }
  }

yarn manifest: 
  No manifest

Lockfile: 
  No lockfile
